

==================================================2022-01-07 15:05==================================================
---开始用户抽奖---
---结束用户抽奖---
---开始用户抽奖---
---结束用户抽奖---
---开始用户抽奖---
---结束用户抽奖---
==================================================2022-01-07 15:05==================================================


==================================================2022-01-07 18:06==================================================
---开始用户抽奖---
---结束用户抽奖---
---开始用户抽奖---
---结束用户抽奖---
---开始用户抽奖---
---结束用户抽奖---
==================================================2022-01-07 18:06==================================================


==================================================2022-01-07 22:03==================================================
14746701
https://t.bilibili.com/ 609599044925045063
评论发送成功
转发成功
关注成功 ==== 675549760
GATERON-佳达隆


https://t.bilibili.com/ 611331398515235235
评论发送成功
转发成功
关注成功 ==== 353379484
征途wd


https://t.bilibili.com/ 610708550945523453
评论发送成功
转发成功
关注成功 ==== 675549760
GATERON-佳达隆


https://t.bilibili.com/ 608463966673799786
已有
https://t.bilibili.com/ 609494896265504108
*************原动态处理开始***************
评论发送成功
关注成功 ==== 1464627422
动态-点赞成功
*************原动态处理完成***************
*****子动态开始*****
评论发送成功
转发成功
关注成功 ==== 383888938

评论发送成功
转发成功
关注成功 ==== 502893941

评论发送成功
转发成功
关注成功 ==== 401739957

*****子动态结束*****


评论发送成功
转发成功
关注成功 ==== 631208134
人人视频不正经官方


https://t.bilibili.com/ 612089404405361747
*************原动态已存在***************
评论
https://t.bilibili.com/ 608750887666565037
已有
https://t.bilibili.com/ 608745304217436278
*************原动态已存在***************
评论发送成功
转发成功
关注成功 ==== 515019371
知安局


https://t.bilibili.com/ 609541543906659958
*************原动态已存在***************
评论发送成功
转发成功
关注成功 ==== 401739957
高漫手绘板


https://t.bilibili.com/ 609967265356431848
评论发送成功
转发成功
关注成功 ==== 34679178
秋风送阵凉


https://t.bilibili.com/ 612165734563622301
评论发送成功
转发成功
关注成功 ==== 193147738
幻海航行


https://t.bilibili.com/ 607759677942275567
评论发送成功
转发成功
关注成功 ==== 351899011
联想拯救者官方


https://t.bilibili.com/ 610230525380607626
*************原动态已存在***************
评论发送成功
转发成功
关注成功 ==== 701344759
纯甄官方


https://t.bilibili.com/ 612105003723535383
评论发送成功
转发成功
关注成功 ==== 10769575
文史阁


https://t.bilibili.com/ 607023400279940282
评论发送成功
转发成功
关注成功 ==== 447408756
好牛数码


https://t.bilibili.com/ 601320465397936381
已有
https://t.bilibili.com/ 610326887264400707
评论发送成功
转发成功
关注成功 ==== 1701109399
Weeylite微徕


https://t.bilibili.com/ 610252700291930415
官方抽奖
https://t.bilibili.com/ 608825585737273996
已有
https://t.bilibili.com/ 604788896303636175
已有
https://t.bilibili.com/ 612105235649675271
官方抽奖
https://t.bilibili.com/ 608427961960591240
*************原动态已存在***************
评论发送成功
转发成功
关注成功 ==== 125086406
MSI微星显卡官方账号


https://t.bilibili.com/ 606960728126059981
评论发送成功
转发成功
关注成功 ==== 442263318
犄角啊犄角


https://t.bilibili.com/ 610342108626651651
*************原动态已存在***************
评论发送成功
转发成功
关注成功 ==== 405724215
夸克_Quark


---开始用户抽奖---
---结束用户抽奖---
---开始用户抽奖---
---结束用户抽奖---
==================================================2022-01-07 22:10==================================================


==================================================2022-01-07 23:09==================================================
14746701
https://t.bilibili.com/ 610342108626651651
已有
https://t.bilibili.com/ 612105003723535383
已有
https://t.bilibili.com/ 604788896303636175
已有
https://t.bilibili.com/ 608463966673799786
已有
https://t.bilibili.com/ 608750887666565037
已有
https://t.bilibili.com/ 608427961960591240
已有
https://t.bilibili.com/ 612089404405361747
已有
https://t.bilibili.com/ 612105235649675271
官方抽奖
https://t.bilibili.com/ 609541543906659958
已有
https://t.bilibili.com/ 610708550945523453
已有
https://t.bilibili.com/ 610230525380607626
已有
https://t.bilibili.com/ 606960728126059981
已有
https://t.bilibili.com/ 611331398515235235
已有
https://t.bilibili.com/ 607023400279940282
已有
https://t.bilibili.com/ 608825585737273996
已有
https://t.bilibili.com/ 610326887264400707
已有
https://t.bilibili.com/ 608745304217436278
已有
https://t.bilibili.com/ 610252700291930415
官方抽奖
https://t.bilibili.com/ 609599044925045063
已有
https://t.bilibili.com/ 609494896265504108
已有
https://t.bilibili.com/ 612165734563622301
已有
https://t.bilibili.com/ 601320465397936381
已有
https://t.bilibili.com/ 607759677942275567
已有
https://t.bilibili.com/ 609967265356431848
已有
---开始用户抽奖---
---结束用户抽奖---
---开始用户抽奖---
---结束用户抽奖---
==================================================2022-01-07 23:10==================================================


==================================================2022-01-08 07:05==================================================
---开始用户抽奖---
---结束用户抽奖---
---开始用户抽奖---
---结束用户抽奖---
---开始用户抽奖---
---结束用户抽奖---
---开始用户抽奖---
---结束用户抽奖---
==================================================2022-01-08 07:05==================================================
