

******************************2021-06-13 17:25:02******************************
==============================
关注成功 ====  蚂蚁森林君
534967653080229424动态-点赞成功-
评论发送成功
转发成功
==============================

534967653080229424----已经存在~~~

534967653080229424----已经存在~~~

534967653080229424----已经存在~~~

534967653080229424----已经存在~~~

534967653080229424----已经存在~~~
==============================
关注成功 ====  aigo国民好物
535067455240209807动态-点赞成功-
评论发送成功
转发成功
==============================
==============================
关注成功 ====  浩瀚稳定器
534671665411977613动态-点赞成功-
评论发送成功
转发成功
==============================

534671665411977613----已经存在~~~
==============================
关注成功 ====  ZOZO
535019351598762895动态-点赞成功-
评论发送成功
转发成功
==============================

UP:宝丽来Polaroid---转发内容：大气[doge]---不是动态

UP:几几不吃饭---转发内容：大气[doge]---不是动态
==============================
关注成功 ====  五味666
523392961028653132动态-点赞成功-
评论发送成功
转发成功
==============================
==============================
关注成功 ====  和平精英
522302593388929738动态-点赞成功-
评论发送成功
转发成功
==============================
==============================
关注成功 ====  异能者官方
523039730035157673动态-点赞成功-
评论发送成功
转发成功
==============================
==============================
关注成功 ====  食族人食品
523525379166133353动态-点赞成功-

出现错误：'data'

UP:联想未来中心---转发内容：---不是动态

UP:虹领金官方账号---转发内容：---不是动态

出现错误：'origin'
==============================
关注成功 ====  智云稳定器
523038686362294330动态-点赞成功-

出现错误：'data'
==============================
关注成功 ====  互联网核包蛋
523121227039963177动态-点赞成功-
评论发送成功
转发成功
==============================
==============================
关注成功 ====  天美工作室群TiMi
521243725039626164动态-点赞成功-

出现错误：'data'

UP:浪险电竞---转发内容：---不是动态
==============================
关注成功 ====  华硕天选官方UP
523529038477244780动态-点赞成功-
评论发送成功
转发成功
==============================
==============================
关注成功 ====  优酸乳
531309045323117473动态-点赞成功-

出现错误：'data'
==============================
关注成功 ====  33不是山山
532466019318973078动态-点赞成功-
评论发送成功
转发成功
==============================
==============================
关注成功 ====  美的
531223897589487196动态-点赞成功-

出现错误：'data'
==============================
关注成功 ====  食贫道
530980055124408689动态-点赞成功-
评论发送成功
转发成功
==============================
==============================
关注成功 ====  刘哔电影
532794631562278095动态-点赞成功-
评论发送成功
转发成功
==============================

UP:东鹏特饮---转发内容：转发动态---不是动态
==============================
关注成功 ====  联想拯救者官方
531924406760330358动态-点赞成功-

出现错误：'data'
==============================
关注成功 ====  东方归言录
532044240640444572动态-点赞成功-
评论发送成功
转发成功
==============================
==============================
关注成功 ====  浦科特Plextor
532417185538368975动态-点赞成功-
评论发送成功
转发成功
==============================
==============================
关注成功 ====  哔哩哔哩游戏中心
532770240442832596动态-点赞成功-
评论发送成功
转发成功
==============================

UP:周黑鸭---转发内容：---不是动态
==============================
关注成功 ====  Padmate派美特
530906933305604232动态-点赞成功-

出现错误：'data'

534967653080229424----已经存在~~~
==============================
关注成功 ====  BML制作指挥部
535661449215829908动态-点赞成功-
评论发送成功
转发成功
==============================
==============================
关注成功 ====  叉子宝宝_
535654418353269828动态-点赞成功-
评论发送成功
转发成功
==============================
==============================
关注成功 ====  小桑菜奈
535682314163977392动态-点赞成功-
评论发送成功
转发成功
==============================
==============================
关注成功 ====  和平精英
535290445644949133动态-点赞成功-
评论发送成功
转发成功
==============================

535661449215829908----已经存在~~~
==============================
关注成功 ====  realme真我手机
535290406987097354动态-点赞成功-
评论发送成功
转发成功
==============================

UP:转转精神---转发内容：[打call]---不是动态
==============================
关注成功 ====  转转精神
535685363588683313动态-点赞成功-
评论发送成功
转发成功
==============================
==============================
关注成功 ====  九号公司
535039988917820495动态-点赞成功-
评论发送成功
转发成功
==============================
==============================
关注成功 ====  老戴在此
535640373812208712动态-点赞成功-
评论发送成功
转发成功
==============================
==============================
关注成功 ====  OPPO智美生活
534517201211272353动态-点赞成功-
评论发送成功
转发成功
==============================
==============================
关注成功 ====  卡诺娅Kanoa
534211189077572733动态-点赞成功-
评论发送成功
转发成功
==============================
==============================
关注成功 ====  苟校长想要你的关注
535698557731453822动态-点赞成功-
评论发送成功
转发成功
==============================
==============================
关注成功 ====  茉吱Mojuko
534996158776254911动态-点赞成功-
评论发送成功
转发成功
==============================
==============================
关注成功 ====  StaticWorld-魂纸
535056301210042185动态-点赞成功-
评论发送成功
转发成功
==============================
==============================
关注成功 ====  恒欣_Official
535715050409118442动态-点赞成功-
评论发送成功
转发成功
==============================
==============================
关注成功 ====  海树11
535712718239765753动态-点赞成功-
评论发送成功
转发成功
==============================
==============================
关注成功 ====  文艺青年王某
535691715850602797动态-点赞成功-
评论发送成功
转发成功
==============================

UP:奥川稳定器---转发内容：转发动态---不是动态
==============================
关注成功 ====  半糖奶酥i
535478127129306150动态-点赞成功-
评论发送成功
转发成功
==============================

535290445644949133----已经存在~~~

535039988917820495----已经存在~~~

535039988917820495----已经存在~~~
==============================
关注成功 ====  木棉花动漫有限公司
535630529748163396动态-点赞成功-
评论发送成功
转发成功
==============================

535290445644949133----已经存在~~~

535039988917820495----已经存在~~~

535039988917820495----已经存在~~~
==============================
关注成功 ====  飙黑车的司机
535661474988779701动态-点赞成功-
评论发送成功
转发成功
==============================
==============================
关注成功 ====  金典SATINE
531604878368788269动态-点赞成功-
评论发送成功
转发成功
==============================
==============================
关注成功 ====  IGN中国
535764511250714475动态-点赞成功-
评论发送成功
转发成功
==============================
==============================
关注成功 ====  遐内衣官方账号
535631633552667766动态-点赞成功-
评论发送成功
转发成功
==============================

535631633552667766----已经存在~~~

535631633552667766----已经存在~~~
==============================
关注成功 ====  领克汽车
534994393550976727动态-点赞成功-
评论发送成功
转发成功
==============================
==============================
关注成功 ====  超级充电站
535757205509195011动态-点赞成功-
评论发送成功
转发成功
==============================

出现错误：'origin'
==============================
关注成功 ====  小啾よ
532435868644141200动态-点赞成功-
评论发送成功
转发成功
==============================
==============================
关注成功 ====  小啾よ
532435881533237487动态-点赞成功-
评论发送成功
转发成功
==============================
==============================
关注成功 ====  轻尘说
532446013356965740动态-点赞成功-
评论发送成功
转发成功
==============================
==============================
关注成功 ====  叫我曾同学
532783808242517998动态-点赞成功-
评论发送成功
转发成功
==============================
==============================
关注成功 ====  冬月の北极猫
533427954550546202动态-点赞成功-
评论发送成功
转发成功
==============================
==============================
关注成功 ====  B站最狂帅哥
533464783899533399动态-点赞成功-
评论发送成功
转发成功
==============================
==============================
关注成功 ====  爱玩游戏的小鹿
533618569497843573动态-点赞成功-
评论发送成功
转发成功
==============================

出现错误：'origin'
==============================
关注成功 ====  梅二玉
533758499532675165动态-点赞成功-
评论发送成功
转发成功
==============================
==============================
关注成功 ====  迟老师的摄影俱乐部
533833764536831697动态-点赞成功-
评论
转发成功
==============================

UP:忆玥向北---转发内容：转发动态---不是动态

UP:一日不吃心赤挠---转发内容：加油---不是动态
==============================
关注成功 ====  Nature Portfolio
532654130289918739动态-点赞成功-
评论发送成功
转发成功
==============================

出现错误：'origin'
==============================
关注成功 ====  摩尔庄园手游
531213735703010874动态-点赞成功-
评论
转发成功
==============================

出现错误：'origin'

528956549995915723---转发内容：国士无双，一路走好[大哭]哭泣---不是抽奖动态
==============================
关注成功 ====  在下钟薛高
528693590623227505动态-点赞成功-
评论发送成功
转发成功
==============================

出现错误：'origin'

528294455021055725---转发内容：我只想要小米全家桶！---不是抽奖动态
==============================
关注成功 ====  青春上海
528228136428554959动态-点赞成功-
评论发送成功
转发成功
==============================

UP:无云哥哥---转发内容：一路走好！[大哭][大哭][大哭]哭了，看一遍难过一遍---不是动态

出现错误：'origin'

533373103525107791---转发内容：金榜题名---不是抽奖动态

UP:七颗猩猩QKXX---转发内容：分享动态---不是动态
==============================
关注成功 ====  谜一样的剪辑师
535068090892229418动态-点赞成功-
评论发送成功
转发成功
==============================
==============================
关注成功 ====  TourBox
535072025084406083动态-点赞成功-
评论发送成功
转发成功
==============================

535039988917820495----已经存在~~~
==============================
关注成功 ====  宝可梦大探险
535683834581362744动态-点赞成功-
评论发送成功
转发成功
==============================

UP:转转精神---转发内容：我很可爱，请给我奖[羞羞]---不是动态

535685363588683313----已经存在~~~

535691715850602797----已经存在~~~
==============================
关注成功 ====  哔哩哔哩王者荣耀赛事
535691810338835393动态-点赞成功-
评论发送成功
转发成功
==============================
==============================
关注成功 ====  酸酸乳官方
535313857506600488动态-点赞成功-
评论发送成功
转发成功
==============================
==============================
关注成功 ====  酷狗音乐
535693717308522225动态-点赞成功-
评论发送成功
转发成功
==============================

535661449215829908----已经存在~~~

UP:ROG玩家国度-老白---转发内容：这能做机箱就离谱---不是动态
==============================
关注成功 ====  乔帮主装机馆
523785357838766280动态-点赞成功-
评论发送成功
转发成功
==============================
==============================
关注成功 ====  柳同学爱搞机
516438257933252679动态-点赞成功-
评论发送成功
转发成功
==============================
==============================
关注成功 ====  韩小沐
517307112636999066动态-点赞成功-
评论发送成功
转发成功
==============================
==============================
关注成功 ====  安慕希
514596837951199165动态-点赞成功-
评论发送成功
转发成功
==============================

514596837951199165----已经存在~~~
==============================
关注成功 ====  MAMEN慢门摄影器材
510468317807512809动态-点赞成功-
评论发送成功
转发成功
==============================
==============================
关注成功 ====  炒蛋车间长
508706470690835506动态-点赞成功-
评论发送成功
转发成功
==============================

UP:天才单片姬---转发内容：可是我就是带着g502---不是动态

UP:冬冬和37---转发内容：这不给白眼狼安排上---不是动态

UP:ROG玩家国度-老白---转发内容：视频的方式---不是动态
==============================
关注成功 ====  三星盖乐世手机
506075944950901511动态-点赞成功-
评论发送成功
转发成功
==============================
==============================
关注成功 ====  SANC显示器
533434946754193104动态-点赞成功-
评论发送成功
转发成功
==============================

534967653080229424----已经存在~~~

534967653080229424----已经存在~~~

534967653080229424----已经存在~~~

534967653080229424----已经存在~~~

534967653080229424----已经存在~~~

534967653080229424----已经存在~~~

534967653080229424----已经存在~~~

534967653080229424----已经存在~~~

534967653080229424----已经存在~~~

534967653080229424----已经存在~~~

534671665411977613----已经存在~~~

534671665411977613----已经存在~~~

UP:当代帅哥美女大赏---转发内容：我男朋友[狗子]---不是动态

UP:薄情小哥哥丶---转发内容：分享动态---不是动态

535068090892229418----已经存在~~~
==============================
关注成功 ====  南家小唯
535358224525322827动态-点赞成功-
评论发送成功
转发成功
==============================
==============================
关注成功 ====  唯品会
535312362865312061动态-点赞成功-
评论发送成功
转发成功
==============================
==============================
关注成功 ====  FFBE幻影战争
534532684568477164动态-点赞成功-
评论发送成功
转发成功
==============================
==============================
关注成功 ====  鬼泣-巅峰之战
534577141776321585动态-点赞成功-
评论发送成功
转发成功
==============================
==============================
关注成功 ====  花花与三猫CatLive
534632688584486269动态-点赞成功-
评论发送成功
转发成功
==============================
==============================
关注成功 ====  奥拉星手游
534632413708674717动态-点赞成功-
评论发送成功
转发成功
==============================
==============================
关注成功 ====  哔哩哔哩电影
534636141735069549动态-点赞成功-
评论发送成功
转发成功
==============================
==============================
关注成功 ====  喵来啦_
535372556832335808动态-点赞成功-
评论发送成功
转发成功
==============================
==============================
关注成功 ====  网易阴阳师手游
534212533410735088动态-点赞成功-
评论发送成功
转发成功
==============================
==============================
关注成功 ====  哔哩哔哩漫画
534304789307856976动态-点赞成功-
评论发送成功
转发成功
==============================
==============================
关注成功 ====  谢双超
535757484684168217动态-点赞成功-
评论发送成功
转发成功
==============================
==============================
关注成功 ====  得力
534896111816916313动态-点赞成功-
评论发送成功
转发成功
==============================

534994393550976727----已经存在~~~

535764511250714475----已经存在~~~

531604878368788269----已经存在~~~

535631633552667766----已经存在~~~

535630529748163396----已经存在~~~

535640373812208712----已经存在~~~

535290445644949133----已经存在~~~

535039988917820495----已经存在~~~

535661449215829908----已经存在~~~
==============================
关注成功 ====  BilibiliWorld园长
535662759180866755动态-点赞成功-
评论发送成功
转发成功
==============================

出现错误：'origin'

534970281603377510----已经存在~~~

534269896991169276----已经存在~~~

534566653460864966----已经存在~~~

534308053480931843----已经存在~~~

UP:QCY蓝牙耳机官方号---转发内容：来了---不是动态

528373031448221662----已经存在~~~

534563616915817997----已经存在~~~

534574886914282206----已经存在~~~

532361819118845608----已经存在~~~

532008884476792976----已经存在~~~

533808170829677487----已经存在~~~

533421052535972965----已经存在~~~

******************************2021-06-13 17:42:23******************************


******************************2021-06-13 18:11:57******************************

534967653080229424----已经存在~~~

534967653080229424----已经存在~~~

534967653080229424----已经存在~~~

534967653080229424----已经存在~~~

534967653080229424----已经存在~~~

534967653080229424----已经存在~~~

535067455240209807----已经存在~~~

534671665411977613----已经存在~~~

534671665411977613----已经存在~~~

535019351598762895----已经存在~~~

UP:宝丽来Polaroid---转发内容：大气[doge]---不是动态

UP:几几不吃饭---转发内容：大气[doge]---不是动态

523392961028653132----已经存在~~~

522302593388929738----已经存在~~~

523039730035157673----已经存在~~~

523525379166133353----已经存在~~~

UP:联想未来中心---转发内容：---不是动态

UP:虹领金官方账号---转发内容：---不是动态

出现错误：'origin'

523038686362294330----已经存在~~~

523121227039963177----已经存在~~~

521243725039626164----已经存在~~~

UP:浪险电竞---转发内容：---不是动态

523529038477244780----已经存在~~~

531309045323117473----已经存在~~~

532466019318973078----已经存在~~~

531223897589487196----已经存在~~~

530980055124408689----已经存在~~~

532794631562278095----已经存在~~~

UP:东鹏特饮---转发内容：转发动态---不是动态

531924406760330358----已经存在~~~

532044240640444572----已经存在~~~

532417185538368975----已经存在~~~

532770240442832596----已经存在~~~

UP:周黑鸭---转发内容：---不是动态

530906933305604232----已经存在~~~

534967653080229424----已经存在~~~

535661449215829908----已经存在~~~

535654418353269828----已经存在~~~

535682314163977392----已经存在~~~

535290445644949133----已经存在~~~

535661449215829908----已经存在~~~

535290406987097354----已经存在~~~

UP:转转精神---转发内容：[打call]---不是动态

535685363588683313----已经存在~~~

535039988917820495----已经存在~~~

535640373812208712----已经存在~~~

534517201211272353----已经存在~~~

534211189077572733----已经存在~~~

535698557731453822----已经存在~~~

534996158776254911----已经存在~~~

535056301210042185----已经存在~~~

535715050409118442----已经存在~~~

535712718239765753----已经存在~~~

535691715850602797----已经存在~~~

UP:奥川稳定器---转发内容：转发动态---不是动态

535478127129306150----已经存在~~~

535290445644949133----已经存在~~~

535039988917820495----已经存在~~~

535039988917820495----已经存在~~~
==============================
关注成功 ====  叁丶天
535850449254177689动态-点赞成功-
评论发送成功
转发成功
==============================
==============================
关注成功 ====  木棉花动漫有限公司
535785170047777098动态-点赞成功-
评论发送成功
转发成功
==============================

534671665411977613----已经存在~~~
==============================
关注成功 ====  阴阳师妖怪屋
535754697251423434动态-点赞成功-
评论发送成功
转发成功
==============================
==============================
关注成功 ====  趣多多的逗号
535754224798725516动态-点赞成功-
评论发送成功
转发成功
==============================
==============================
关注成功 ====  HFP
535723326813244486动态-点赞成功-
评论发送成功
转发成功
==============================
==============================
关注成功 ====  小米有品
531227140291931885动态-点赞成功-
评论发送成功
转发成功
==============================
==============================
关注成功 ====  时间风流刀
534979709054556471动态-点赞成功-
评论发送成功
转发成功
==============================
==============================
关注成功 ====  时间风流刀
535722742692445973动态-点赞成功-
评论发送成功
转发成功
==============================

535693717308522225----已经存在~~~

535313857506600488----已经存在~~~

535313857506600488----已经存在~~~

出现错误：'origin'

532435868644141200----已经存在~~~

532435881533237487----已经存在~~~

532446013356965740----已经存在~~~

532783808242517998----已经存在~~~

533427954550546202----已经存在~~~

533464783899533399----已经存在~~~

533618569497843573----已经存在~~~

出现错误：'origin'

533758499532675165----已经存在~~~

533833764536831697----已经存在~~~

UP:忆玥向北---转发内容：转发动态---不是动态

UP:一日不吃心赤挠---转发内容：加油---不是动态

532654130289918739----已经存在~~~

出现错误：'origin'

531213735703010874----已经存在~~~

出现错误：'origin'

528956549995915723---转发内容：国士无双，一路走好[大哭]哭泣---不是抽奖动态

528693590623227505----已经存在~~~

出现错误：'origin'

528294455021055725---转发内容：我只想要小米全家桶！---不是抽奖动态

528228136428554959----已经存在~~~

UP:无云哥哥---转发内容：一路走好！[大哭][大哭][大哭]哭了，看一遍难过一遍---不是动态

出现错误：'origin'

533373103525107791---转发内容：金榜题名---不是抽奖动态

UP:七颗猩猩QKXX---转发内容：分享动态---不是动态

535068090892229418----已经存在~~~

535072025084406083----已经存在~~~

535039988917820495----已经存在~~~

535683834581362744----已经存在~~~

UP:转转精神---转发内容：我很可爱，请给我奖[羞羞]---不是动态

535685363588683313----已经存在~~~

535691715850602797----已经存在~~~

535691810338835393----已经存在~~~

535313857506600488----已经存在~~~

535693717308522225----已经存在~~~

535661449215829908----已经存在~~~

UP:ROG玩家国度-老白---转发内容：这能做机箱就离谱---不是动态

523785357838766280----已经存在~~~

516438257933252679----已经存在~~~

517307112636999066----已经存在~~~

514596837951199165----已经存在~~~

514596837951199165----已经存在~~~

510468317807512809----已经存在~~~

508706470690835506----已经存在~~~

UP:天才单片姬---转发内容：可是我就是带着g502---不是动态

UP:冬冬和37---转发内容：这不给白眼狼安排上---不是动态

UP:ROG玩家国度-老白---转发内容：视频的方式---不是动态

506075944950901511----已经存在~~~

533434946754193104----已经存在~~~

534967653080229424----已经存在~~~

534967653080229424----已经存在~~~

534967653080229424----已经存在~~~

534967653080229424----已经存在~~~

534967653080229424----已经存在~~~

534967653080229424----已经存在~~~

534967653080229424----已经存在~~~

534967653080229424----已经存在~~~

534967653080229424----已经存在~~~

534967653080229424----已经存在~~~

534671665411977613----已经存在~~~

534671665411977613----已经存在~~~

UP:当代帅哥美女大赏---转发内容：我男朋友[狗子]---不是动态

UP:薄情小哥哥丶---转发内容：分享动态---不是动态

535068090892229418----已经存在~~~

535358224525322827----已经存在~~~

535312362865312061----已经存在~~~

534532684568477164----已经存在~~~

534577141776321585----已经存在~~~

534632688584486269----已经存在~~~

534632413708674717----已经存在~~~

534636141735069549----已经存在~~~

535372556832335808----已经存在~~~

534212533410735088----已经存在~~~

534304789307856976----已经存在~~~

535757484684168217----已经存在~~~

534896111816916313----已经存在~~~

534994393550976727----已经存在~~~

535764511250714475----已经存在~~~

531604878368788269----已经存在~~~

535631633552667766----已经存在~~~

535630529748163396----已经存在~~~

535640373812208712----已经存在~~~

535290445644949133----已经存在~~~

535039988917820495----已经存在~~~

535661449215829908----已经存在~~~

535662759180866755----已经存在~~~

出现错误：'origin'

534970281603377510----已经存在~~~

534269896991169276----已经存在~~~

534566653460864966----已经存在~~~

534308053480931843----已经存在~~~

UP:QCY蓝牙耳机官方号---转发内容：来了---不是动态

528373031448221662----已经存在~~~

534563616915817997----已经存在~~~

534574886914282206----已经存在~~~

532361819118845608----已经存在~~~

532008884476792976----已经存在~~~

533808170829677487----已经存在~~~

533421052535972965----已经存在~~~

******************************2021-06-13 18:13:53******************************


******************************2021-06-13 19:10:58******************************

534967653080229424----已经存在~~~

534967653080229424----已经存在~~~

534967653080229424----已经存在~~~

534967653080229424----已经存在~~~

534967653080229424----已经存在~~~

534967653080229424----已经存在~~~

535067455240209807----已经存在~~~

534671665411977613----已经存在~~~

534671665411977613----已经存在~~~

535019351598762895----已经存在~~~

UP:宝丽来Polaroid---转发内容：大气[doge]---不是动态

UP:几几不吃饭---转发内容：大气[doge]---不是动态

523392961028653132----已经存在~~~

522302593388929738----已经存在~~~

523039730035157673----已经存在~~~

523525379166133353----已经存在~~~

UP:联想未来中心---转发内容：---不是动态

UP:虹领金官方账号---转发内容：---不是动态

出现错误：'origin'

523038686362294330----已经存在~~~

523121227039963177----已经存在~~~

521243725039626164----已经存在~~~

UP:浪险电竞---转发内容：---不是动态

523529038477244780----已经存在~~~

531309045323117473----已经存在~~~

532466019318973078----已经存在~~~

531223897589487196----已经存在~~~

530980055124408689----已经存在~~~

532794631562278095----已经存在~~~

UP:东鹏特饮---转发内容：转发动态---不是动态

531924406760330358----已经存在~~~

532044240640444572----已经存在~~~

532417185538368975----已经存在~~~

532770240442832596----已经存在~~~

UP:周黑鸭---转发内容：---不是动态

530906933305604232----已经存在~~~

534967653080229424----已经存在~~~

535661449215829908----已经存在~~~

535654418353269828----已经存在~~~

535682314163977392----已经存在~~~

535290445644949133----已经存在~~~

535661449215829908----已经存在~~~

535290406987097354----已经存在~~~

UP:转转精神---转发内容：[打call]---不是动态

535685363588683313----已经存在~~~

535039988917820495----已经存在~~~

535640373812208712----已经存在~~~

534517201211272353----已经存在~~~

534211189077572733----已经存在~~~

535698557731453822----已经存在~~~

534996158776254911----已经存在~~~

535056301210042185----已经存在~~~

535715050409118442----已经存在~~~

535712718239765753----已经存在~~~

535691715850602797----已经存在~~~

UP:奥川稳定器---转发内容：转发动态---不是动态

535478127129306150----已经存在~~~

535290445644949133----已经存在~~~

535039988917820495----已经存在~~~

535039988917820495----已经存在~~~

535850449254177689----已经存在~~~

535785170047777098----已经存在~~~

534671665411977613----已经存在~~~

535754697251423434----已经存在~~~

535754224798725516----已经存在~~~

535723326813244486----已经存在~~~

531227140291931885----已经存在~~~

534979709054556471----已经存在~~~

535722742692445973----已经存在~~~

535693717308522225----已经存在~~~

535313857506600488----已经存在~~~

535313857506600488----已经存在~~~

出现错误：'origin'

532435868644141200----已经存在~~~

532435881533237487----已经存在~~~

532446013356965740----已经存在~~~

532783808242517998----已经存在~~~

533427954550546202----已经存在~~~

533464783899533399----已经存在~~~

533618569497843573----已经存在~~~

出现错误：'origin'

533758499532675165----已经存在~~~

533833764536831697----已经存在~~~

UP:忆玥向北---转发内容：转发动态---不是动态

UP:一日不吃心赤挠---转发内容：加油---不是动态

532654130289918739----已经存在~~~

出现错误：'origin'

531213735703010874----已经存在~~~

出现错误：'origin'

528956549995915723---转发内容：国士无双，一路走好[大哭]哭泣---不是抽奖动态

528693590623227505----已经存在~~~

出现错误：'origin'

528294455021055725---转发内容：我只想要小米全家桶！---不是抽奖动态

528228136428554959----已经存在~~~

UP:无云哥哥---转发内容：一路走好！[大哭][大哭][大哭]哭了，看一遍难过一遍---不是动态

出现错误：'origin'

533373103525107791---转发内容：金榜题名---不是抽奖动态

UP:七颗猩猩QKXX---转发内容：分享动态---不是动态

535068090892229418----已经存在~~~

535072025084406083----已经存在~~~

535039988917820495----已经存在~~~

535683834581362744----已经存在~~~

UP:转转精神---转发内容：我很可爱，请给我奖[羞羞]---不是动态

535685363588683313----已经存在~~~

535691715850602797----已经存在~~~

535691810338835393----已经存在~~~

535313857506600488----已经存在~~~

535693717308522225----已经存在~~~

535661449215829908----已经存在~~~

UP:ROG玩家国度-老白---转发内容：这能做机箱就离谱---不是动态

523785357838766280----已经存在~~~

516438257933252679----已经存在~~~

517307112636999066----已经存在~~~

514596837951199165----已经存在~~~

514596837951199165----已经存在~~~

510468317807512809----已经存在~~~

508706470690835506----已经存在~~~

UP:天才单片姬---转发内容：可是我就是带着g502---不是动态

UP:冬冬和37---转发内容：这不给白眼狼安排上---不是动态

UP:ROG玩家国度-老白---转发内容：视频的方式---不是动态

506075944950901511----已经存在~~~

533434946754193104----已经存在~~~

534967653080229424----已经存在~~~

534967653080229424----已经存在~~~

534967653080229424----已经存在~~~

534967653080229424----已经存在~~~

534967653080229424----已经存在~~~

534967653080229424----已经存在~~~

534967653080229424----已经存在~~~

534967653080229424----已经存在~~~

534967653080229424----已经存在~~~

534967653080229424----已经存在~~~

534671665411977613----已经存在~~~

534671665411977613----已经存在~~~

UP:当代帅哥美女大赏---转发内容：我男朋友[狗子]---不是动态

UP:薄情小哥哥丶---转发内容：分享动态---不是动态

535068090892229418----已经存在~~~

535358224525322827----已经存在~~~

535312362865312061----已经存在~~~

534532684568477164----已经存在~~~

534577141776321585----已经存在~~~

534632688584486269----已经存在~~~

534632413708674717----已经存在~~~

534636141735069549----已经存在~~~

535372556832335808----已经存在~~~

534212533410735088----已经存在~~~

534304789307856976----已经存在~~~

535757484684168217----已经存在~~~

534896111816916313----已经存在~~~

534994393550976727----已经存在~~~

535764511250714475----已经存在~~~

531604878368788269----已经存在~~~

535631633552667766----已经存在~~~

535630529748163396----已经存在~~~

535640373812208712----已经存在~~~

535290445644949133----已经存在~~~

535039988917820495----已经存在~~~

535661449215829908----已经存在~~~

535662759180866755----已经存在~~~

出现错误：'origin'

534970281603377510----已经存在~~~

534269896991169276----已经存在~~~

534566653460864966----已经存在~~~

534308053480931843----已经存在~~~

UP:QCY蓝牙耳机官方号---转发内容：来了---不是动态

528373031448221662----已经存在~~~

534563616915817997----已经存在~~~

534574886914282206----已经存在~~~

532361819118845608----已经存在~~~

532008884476792976----已经存在~~~

533808170829677487----已经存在~~~

533421052535972965----已经存在~~~

******************************2021-06-13 19:11:19******************************


******************************2021-06-13 20:10:19******************************

534967653080229424----已经存在~~~

534967653080229424----已经存在~~~

534967653080229424----已经存在~~~

534967653080229424----已经存在~~~

534967653080229424----已经存在~~~

534967653080229424----已经存在~~~

535067455240209807----已经存在~~~

534671665411977613----已经存在~~~

534671665411977613----已经存在~~~

535019351598762895----已经存在~~~

UP:宝丽来Polaroid---转发内容：大气[doge]---不是动态

UP:几几不吃饭---转发内容：大气[doge]---不是动态

523392961028653132----已经存在~~~

522302593388929738----已经存在~~~

523039730035157673----已经存在~~~

523525379166133353----已经存在~~~

UP:联想未来中心---转发内容：---不是动态

UP:虹领金官方账号---转发内容：---不是动态

出现错误：'origin'

523038686362294330----已经存在~~~

523121227039963177----已经存在~~~

521243725039626164----已经存在~~~

UP:浪险电竞---转发内容：---不是动态

523529038477244780----已经存在~~~

531309045323117473----已经存在~~~

532466019318973078----已经存在~~~

531223897589487196----已经存在~~~

530980055124408689----已经存在~~~

532794631562278095----已经存在~~~

UP:东鹏特饮---转发内容：转发动态---不是动态

531924406760330358----已经存在~~~

532044240640444572----已经存在~~~

532417185538368975----已经存在~~~

532770240442832596----已经存在~~~

UP:周黑鸭---转发内容：---不是动态

530906933305604232----已经存在~~~

534967653080229424----已经存在~~~

535661449215829908----已经存在~~~

535654418353269828----已经存在~~~

535682314163977392----已经存在~~~

535290445644949133----已经存在~~~

535661449215829908----已经存在~~~

535290406987097354----已经存在~~~

UP:转转精神---转发内容：[打call]---不是动态

535685363588683313----已经存在~~~

535039988917820495----已经存在~~~

535640373812208712----已经存在~~~

534517201211272353----已经存在~~~

534211189077572733----已经存在~~~

535698557731453822----已经存在~~~

534996158776254911----已经存在~~~

535056301210042185----已经存在~~~

535715050409118442----已经存在~~~

535712718239765753----已经存在~~~

535691715850602797----已经存在~~~

UP:奥川稳定器---转发内容：转发动态---不是动态

535478127129306150----已经存在~~~

535290445644949133----已经存在~~~

535039988917820495----已经存在~~~

535039988917820495----已经存在~~~

535850449254177689----已经存在~~~

535785170047777098----已经存在~~~

534671665411977613----已经存在~~~

535754697251423434----已经存在~~~

535754224798725516----已经存在~~~

535723326813244486----已经存在~~~

531227140291931885----已经存在~~~

534979709054556471----已经存在~~~

535722742692445973----已经存在~~~

535693717308522225----已经存在~~~

535313857506600488----已经存在~~~

535313857506600488----已经存在~~~

出现错误：'origin'

532435868644141200----已经存在~~~

532435881533237487----已经存在~~~

532446013356965740----已经存在~~~

532783808242517998----已经存在~~~

533427954550546202----已经存在~~~

533464783899533399----已经存在~~~

533618569497843573----已经存在~~~

出现错误：'origin'

533758499532675165----已经存在~~~

533833764536831697----已经存在~~~

UP:忆玥向北---转发内容：转发动态---不是动态

UP:一日不吃心赤挠---转发内容：加油---不是动态

532654130289918739----已经存在~~~

出现错误：'origin'

531213735703010874----已经存在~~~

出现错误：'origin'

528956549995915723---转发内容：国士无双，一路走好[大哭]哭泣---不是抽奖动态

528693590623227505----已经存在~~~

出现错误：'origin'

528294455021055725---转发内容：我只想要小米全家桶！---不是抽奖动态

528228136428554959----已经存在~~~

UP:无云哥哥---转发内容：一路走好！[大哭][大哭][大哭]哭了，看一遍难过一遍---不是动态

出现错误：'origin'

533373103525107791---转发内容：金榜题名---不是抽奖动态

UP:七颗猩猩QKXX---转发内容：分享动态---不是动态

535068090892229418----已经存在~~~

535072025084406083----已经存在~~~

535039988917820495----已经存在~~~

535683834581362744----已经存在~~~

UP:转转精神---转发内容：我很可爱，请给我奖[羞羞]---不是动态

535685363588683313----已经存在~~~

535691715850602797----已经存在~~~

535691810338835393----已经存在~~~

535313857506600488----已经存在~~~

535693717308522225----已经存在~~~

535661449215829908----已经存在~~~

UP:ROG玩家国度-老白---转发内容：这能做机箱就离谱---不是动态

523785357838766280----已经存在~~~

516438257933252679----已经存在~~~

517307112636999066----已经存在~~~

514596837951199165----已经存在~~~

514596837951199165----已经存在~~~

510468317807512809----已经存在~~~

508706470690835506----已经存在~~~

UP:天才单片姬---转发内容：可是我就是带着g502---不是动态

UP:冬冬和37---转发内容：这不给白眼狼安排上---不是动态

UP:ROG玩家国度-老白---转发内容：视频的方式---不是动态

506075944950901511----已经存在~~~

533434946754193104----已经存在~~~

534967653080229424----已经存在~~~

534967653080229424----已经存在~~~

534967653080229424----已经存在~~~

534967653080229424----已经存在~~~

534967653080229424----已经存在~~~

534967653080229424----已经存在~~~

534967653080229424----已经存在~~~

534967653080229424----已经存在~~~

534967653080229424----已经存在~~~

534967653080229424----已经存在~~~

534671665411977613----已经存在~~~

534671665411977613----已经存在~~~

UP:当代帅哥美女大赏---转发内容：我男朋友[狗子]---不是动态

UP:薄情小哥哥丶---转发内容：分享动态---不是动态

535068090892229418----已经存在~~~

535358224525322827----已经存在~~~

535312362865312061----已经存在~~~

534532684568477164----已经存在~~~

534577141776321585----已经存在~~~

534632688584486269----已经存在~~~

534632413708674717----已经存在~~~

534636141735069549----已经存在~~~

535372556832335808----已经存在~~~

534212533410735088----已经存在~~~

534304789307856976----已经存在~~~

535757484684168217----已经存在~~~

534896111816916313----已经存在~~~

534994393550976727----已经存在~~~

535764511250714475----已经存在~~~

531604878368788269----已经存在~~~

535631633552667766----已经存在~~~

535630529748163396----已经存在~~~

535640373812208712----已经存在~~~

535290445644949133----已经存在~~~

535039988917820495----已经存在~~~

535661449215829908----已经存在~~~

535662759180866755----已经存在~~~

出现错误：'origin'

534970281603377510----已经存在~~~

534269896991169276----已经存在~~~

534566653460864966----已经存在~~~

534308053480931843----已经存在~~~

UP:QCY蓝牙耳机官方号---转发内容：来了---不是动态

528373031448221662----已经存在~~~

534563616915817997----已经存在~~~

534574886914282206----已经存在~~~

532361819118845608----已经存在~~~

532008884476792976----已经存在~~~

533808170829677487----已经存在~~~

533421052535972965----已经存在~~~

******************************2021-06-13 20:10:35******************************


******************************2021-06-13 21:09:38******************************

534967653080229424----已经存在~~~

534967653080229424----已经存在~~~

534967653080229424----已经存在~~~

534967653080229424----已经存在~~~

534967653080229424----已经存在~~~

534967653080229424----已经存在~~~

535067455240209807----已经存在~~~

534671665411977613----已经存在~~~

534671665411977613----已经存在~~~

535019351598762895----已经存在~~~

UP:宝丽来Polaroid---转发内容：大气[doge]---不是动态

UP:几几不吃饭---转发内容：大气[doge]---不是动态

523392961028653132----已经存在~~~

522302593388929738----已经存在~~~

523039730035157673----已经存在~~~

523525379166133353----已经存在~~~

UP:联想未来中心---转发内容：---不是动态

UP:虹领金官方账号---转发内容：---不是动态

出现错误：'origin'

523038686362294330----已经存在~~~

523121227039963177----已经存在~~~

521243725039626164----已经存在~~~

UP:浪险电竞---转发内容：---不是动态

523529038477244780----已经存在~~~

531309045323117473----已经存在~~~

532466019318973078----已经存在~~~

531223897589487196----已经存在~~~

530980055124408689----已经存在~~~

532794631562278095----已经存在~~~

UP:东鹏特饮---转发内容：转发动态---不是动态

531924406760330358----已经存在~~~

532044240640444572----已经存在~~~

532417185538368975----已经存在~~~

532770240442832596----已经存在~~~

UP:周黑鸭---转发内容：---不是动态

530906933305604232----已经存在~~~

534967653080229424----已经存在~~~

535661449215829908----已经存在~~~

535654418353269828----已经存在~~~

535682314163977392----已经存在~~~

535290445644949133----已经存在~~~

535661449215829908----已经存在~~~

535290406987097354----已经存在~~~

UP:转转精神---转发内容：[打call]---不是动态

535685363588683313----已经存在~~~

535039988917820495----已经存在~~~

535640373812208712----已经存在~~~

534517201211272353----已经存在~~~

534211189077572733----已经存在~~~

535698557731453822----已经存在~~~

534996158776254911----已经存在~~~

535056301210042185----已经存在~~~

535715050409118442----已经存在~~~

535712718239765753----已经存在~~~

535691715850602797----已经存在~~~

UP:奥川稳定器---转发内容：转发动态---不是动态

535478127129306150----已经存在~~~

535290445644949133----已经存在~~~

535039988917820495----已经存在~~~

535039988917820495----已经存在~~~

535850449254177689----已经存在~~~

535785170047777098----已经存在~~~

534671665411977613----已经存在~~~

535754697251423434----已经存在~~~

535754224798725516----已经存在~~~

535723326813244486----已经存在~~~

531227140291931885----已经存在~~~

534979709054556471----已经存在~~~

535722742692445973----已经存在~~~

535693717308522225----已经存在~~~

535313857506600488----已经存在~~~

535313857506600488----已经存在~~~

出现错误：'origin'

532435868644141200----已经存在~~~

532435881533237487----已经存在~~~

532446013356965740----已经存在~~~

532783808242517998----已经存在~~~

533427954550546202----已经存在~~~

533464783899533399----已经存在~~~

533618569497843573----已经存在~~~

出现错误：'origin'

533758499532675165----已经存在~~~

533833764536831697----已经存在~~~

UP:忆玥向北---转发内容：转发动态---不是动态

UP:一日不吃心赤挠---转发内容：加油---不是动态

532654130289918739----已经存在~~~

出现错误：'origin'

531213735703010874----已经存在~~~

出现错误：'origin'

528956549995915723---转发内容：国士无双，一路走好[大哭]哭泣---不是抽奖动态

528693590623227505----已经存在~~~

出现错误：'origin'

528294455021055725---转发内容：我只想要小米全家桶！---不是抽奖动态

528228136428554959----已经存在~~~

UP:无云哥哥---转发内容：一路走好！[大哭][大哭][大哭]哭了，看一遍难过一遍---不是动态

出现错误：'origin'

533373103525107791---转发内容：金榜题名---不是抽奖动态

UP:七颗猩猩QKXX---转发内容：分享动态---不是动态

535068090892229418----已经存在~~~

535072025084406083----已经存在~~~

535039988917820495----已经存在~~~

535683834581362744----已经存在~~~

UP:转转精神---转发内容：我很可爱，请给我奖[羞羞]---不是动态

535685363588683313----已经存在~~~

535691715850602797----已经存在~~~

535691810338835393----已经存在~~~

535313857506600488----已经存在~~~

535693717308522225----已经存在~~~

535661449215829908----已经存在~~~

UP:ROG玩家国度-老白---转发内容：这能做机箱就离谱---不是动态

523785357838766280----已经存在~~~

516438257933252679----已经存在~~~

517307112636999066----已经存在~~~

514596837951199165----已经存在~~~

514596837951199165----已经存在~~~

510468317807512809----已经存在~~~

508706470690835506----已经存在~~~

UP:天才单片姬---转发内容：可是我就是带着g502---不是动态

UP:冬冬和37---转发内容：这不给白眼狼安排上---不是动态

UP:ROG玩家国度-老白---转发内容：视频的方式---不是动态

506075944950901511----已经存在~~~

533434946754193104----已经存在~~~

534967653080229424----已经存在~~~

534967653080229424----已经存在~~~

534967653080229424----已经存在~~~

534967653080229424----已经存在~~~

534967653080229424----已经存在~~~

534967653080229424----已经存在~~~

534967653080229424----已经存在~~~

534967653080229424----已经存在~~~

534967653080229424----已经存在~~~

534967653080229424----已经存在~~~

534671665411977613----已经存在~~~

534671665411977613----已经存在~~~

UP:当代帅哥美女大赏---转发内容：我男朋友[狗子]---不是动态

UP:薄情小哥哥丶---转发内容：分享动态---不是动态

535068090892229418----已经存在~~~

535358224525322827----已经存在~~~

535312362865312061----已经存在~~~

534532684568477164----已经存在~~~

534577141776321585----已经存在~~~

534632688584486269----已经存在~~~

534632413708674717----已经存在~~~

534636141735069549----已经存在~~~

535372556832335808----已经存在~~~

534212533410735088----已经存在~~~

534304789307856976----已经存在~~~

535757484684168217----已经存在~~~

534896111816916313----已经存在~~~

534994393550976727----已经存在~~~

535764511250714475----已经存在~~~

531604878368788269----已经存在~~~

535631633552667766----已经存在~~~

535630529748163396----已经存在~~~

535640373812208712----已经存在~~~

535290445644949133----已经存在~~~

535039988917820495----已经存在~~~

535661449215829908----已经存在~~~

535662759180866755----已经存在~~~

出现错误：'origin'

534970281603377510----已经存在~~~

534269896991169276----已经存在~~~

534566653460864966----已经存在~~~

534308053480931843----已经存在~~~

UP:QCY蓝牙耳机官方号---转发内容：来了---不是动态

528373031448221662----已经存在~~~

534563616915817997----已经存在~~~

534574886914282206----已经存在~~~

532361819118845608----已经存在~~~

532008884476792976----已经存在~~~

533808170829677487----已经存在~~~

533421052535972965----已经存在~~~

******************************2021-06-13 21:09:58******************************


******************************2021-06-13 22:10:25******************************

534967653080229424----已经存在~~~

534967653080229424----已经存在~~~

534967653080229424----已经存在~~~

534967653080229424----已经存在~~~

534967653080229424----已经存在~~~

534967653080229424----已经存在~~~

535067455240209807----已经存在~~~

534671665411977613----已经存在~~~

534671665411977613----已经存在~~~

535019351598762895----已经存在~~~

UP:宝丽来Polaroid---转发内容：大气[doge]---不是动态

UP:几几不吃饭---转发内容：大气[doge]---不是动态

523392961028653132----已经存在~~~

522302593388929738----已经存在~~~

523039730035157673----已经存在~~~

523525379166133353----已经存在~~~

UP:联想未来中心---转发内容：---不是动态

UP:虹领金官方账号---转发内容：---不是动态

出现错误：'origin'

523038686362294330----已经存在~~~

523121227039963177----已经存在~~~

521243725039626164----已经存在~~~

UP:浪险电竞---转发内容：---不是动态

523529038477244780----已经存在~~~

531309045323117473----已经存在~~~

532466019318973078----已经存在~~~

531223897589487196----已经存在~~~

530980055124408689----已经存在~~~

532794631562278095----已经存在~~~

UP:东鹏特饮---转发内容：转发动态---不是动态

531924406760330358----已经存在~~~

532044240640444572----已经存在~~~

532417185538368975----已经存在~~~

532770240442832596----已经存在~~~

UP:周黑鸭---转发内容：---不是动态

530906933305604232----已经存在~~~

534967653080229424----已经存在~~~

535661449215829908----已经存在~~~

535654418353269828----已经存在~~~

535682314163977392----已经存在~~~

535290445644949133----已经存在~~~

535661449215829908----已经存在~~~

535290406987097354----已经存在~~~

UP:转转精神---转发内容：[打call]---不是动态

535685363588683313----已经存在~~~

535039988917820495----已经存在~~~

535640373812208712----已经存在~~~

534517201211272353----已经存在~~~

534211189077572733----已经存在~~~

535698557731453822----已经存在~~~

534996158776254911----已经存在~~~

535056301210042185----已经存在~~~

535715050409118442----已经存在~~~

535712718239765753----已经存在~~~

535691715850602797----已经存在~~~

UP:奥川稳定器---转发内容：转发动态---不是动态

535478127129306150----已经存在~~~

535290445644949133----已经存在~~~

535039988917820495----已经存在~~~

535039988917820495----已经存在~~~

535850449254177689----已经存在~~~

535785170047777098----已经存在~~~

534671665411977613----已经存在~~~

535754697251423434----已经存在~~~

535754224798725516----已经存在~~~

535723326813244486----已经存在~~~

531227140291931885----已经存在~~~

534979709054556471----已经存在~~~

535722742692445973----已经存在~~~

535693717308522225----已经存在~~~

535313857506600488----已经存在~~~

535313857506600488----已经存在~~~

出现错误：'origin'

532435868644141200----已经存在~~~

532435881533237487----已经存在~~~

532446013356965740----已经存在~~~

532783808242517998----已经存在~~~

533427954550546202----已经存在~~~

533464783899533399----已经存在~~~

533618569497843573----已经存在~~~

出现错误：'origin'

533758499532675165----已经存在~~~

533833764536831697----已经存在~~~

UP:忆玥向北---转发内容：转发动态---不是动态

UP:一日不吃心赤挠---转发内容：加油---不是动态

532654130289918739----已经存在~~~

出现错误：'origin'

531213735703010874----已经存在~~~

出现错误：'origin'

528956549995915723---转发内容：国士无双，一路走好[大哭]哭泣---不是抽奖动态

528693590623227505----已经存在~~~

出现错误：'origin'

528294455021055725---转发内容：我只想要小米全家桶！---不是抽奖动态

528228136428554959----已经存在~~~

UP:无云哥哥---转发内容：一路走好！[大哭][大哭][大哭]哭了，看一遍难过一遍---不是动态

出现错误：'origin'

533373103525107791---转发内容：金榜题名---不是抽奖动态

UP:七颗猩猩QKXX---转发内容：分享动态---不是动态

535068090892229418----已经存在~~~

535072025084406083----已经存在~~~

535039988917820495----已经存在~~~

535683834581362744----已经存在~~~

UP:转转精神---转发内容：我很可爱，请给我奖[羞羞]---不是动态

535685363588683313----已经存在~~~

535691715850602797----已经存在~~~

535691810338835393----已经存在~~~

535313857506600488----已经存在~~~

535693717308522225----已经存在~~~

535661449215829908----已经存在~~~

UP:ROG玩家国度-老白---转发内容：这能做机箱就离谱---不是动态

523785357838766280----已经存在~~~

516438257933252679----已经存在~~~

517307112636999066----已经存在~~~

514596837951199165----已经存在~~~

514596837951199165----已经存在~~~

510468317807512809----已经存在~~~

508706470690835506----已经存在~~~

UP:天才单片姬---转发内容：可是我就是带着g502---不是动态

UP:冬冬和37---转发内容：这不给白眼狼安排上---不是动态

UP:ROG玩家国度-老白---转发内容：视频的方式---不是动态

506075944950901511----已经存在~~~

533434946754193104----已经存在~~~

534967653080229424----已经存在~~~

534967653080229424----已经存在~~~

534967653080229424----已经存在~~~

534967653080229424----已经存在~~~

534967653080229424----已经存在~~~

534967653080229424----已经存在~~~

534967653080229424----已经存在~~~

534967653080229424----已经存在~~~

534967653080229424----已经存在~~~

534967653080229424----已经存在~~~

534671665411977613----已经存在~~~

534671665411977613----已经存在~~~

UP:当代帅哥美女大赏---转发内容：我男朋友[狗子]---不是动态

UP:薄情小哥哥丶---转发内容：分享动态---不是动态

535068090892229418----已经存在~~~

535358224525322827----已经存在~~~

535312362865312061----已经存在~~~

534532684568477164----已经存在~~~

534577141776321585----已经存在~~~

534632688584486269----已经存在~~~

534632413708674717----已经存在~~~

534636141735069549----已经存在~~~

535372556832335808----已经存在~~~

534212533410735088----已经存在~~~

534304789307856976----已经存在~~~

535757484684168217----已经存在~~~

534896111816916313----已经存在~~~

534994393550976727----已经存在~~~

535764511250714475----已经存在~~~

531604878368788269----已经存在~~~

535631633552667766----已经存在~~~

535630529748163396----已经存在~~~

535640373812208712----已经存在~~~

535290445644949133----已经存在~~~

535039988917820495----已经存在~~~

535661449215829908----已经存在~~~

535662759180866755----已经存在~~~

出现错误：'origin'

534970281603377510----已经存在~~~

534269896991169276----已经存在~~~

534566653460864966----已经存在~~~

534308053480931843----已经存在~~~

UP:QCY蓝牙耳机官方号---转发内容：来了---不是动态

528373031448221662----已经存在~~~

534563616915817997----已经存在~~~

534574886914282206----已经存在~~~

532361819118845608----已经存在~~~

532008884476792976----已经存在~~~

533808170829677487----已经存在~~~

533421052535972965----已经存在~~~

******************************2021-06-13 22:10:43******************************


******************************2021-06-13 23:10:44******************************

534967653080229424----已经存在~~~

534967653080229424----已经存在~~~

534967653080229424----已经存在~~~

534967653080229424----已经存在~~~

534967653080229424----已经存在~~~

534967653080229424----已经存在~~~

535067455240209807----已经存在~~~

534671665411977613----已经存在~~~

534671665411977613----已经存在~~~

535019351598762895----已经存在~~~

UP:宝丽来Polaroid---转发内容：大气[doge]---不是动态

UP:几几不吃饭---转发内容：大气[doge]---不是动态

523392961028653132----已经存在~~~

522302593388929738----已经存在~~~

523039730035157673----已经存在~~~

523525379166133353----已经存在~~~

UP:联想未来中心---转发内容：---不是动态

UP:虹领金官方账号---转发内容：---不是动态

出现错误：'origin'

523038686362294330----已经存在~~~

523121227039963177----已经存在~~~

521243725039626164----已经存在~~~

UP:浪险电竞---转发内容：---不是动态

523529038477244780----已经存在~~~

531309045323117473----已经存在~~~

532466019318973078----已经存在~~~

531223897589487196----已经存在~~~

530980055124408689----已经存在~~~

532794631562278095----已经存在~~~

UP:东鹏特饮---转发内容：转发动态---不是动态

531924406760330358----已经存在~~~

532044240640444572----已经存在~~~

532417185538368975----已经存在~~~

532770240442832596----已经存在~~~

UP:周黑鸭---转发内容：---不是动态

530906933305604232----已经存在~~~

534967653080229424----已经存在~~~

535661449215829908----已经存在~~~

535654418353269828----已经存在~~~

535682314163977392----已经存在~~~

535290445644949133----已经存在~~~

535661449215829908----已经存在~~~

535290406987097354----已经存在~~~

UP:转转精神---转发内容：[打call]---不是动态

535685363588683313----已经存在~~~

535039988917820495----已经存在~~~

535640373812208712----已经存在~~~

534517201211272353----已经存在~~~

534211189077572733----已经存在~~~

535698557731453822----已经存在~~~

534996158776254911----已经存在~~~

535056301210042185----已经存在~~~

535715050409118442----已经存在~~~

535712718239765753----已经存在~~~

535691715850602797----已经存在~~~

UP:奥川稳定器---转发内容：转发动态---不是动态

535478127129306150----已经存在~~~

535290445644949133----已经存在~~~

535039988917820495----已经存在~~~

535039988917820495----已经存在~~~

535850449254177689----已经存在~~~

535785170047777098----已经存在~~~

534671665411977613----已经存在~~~

535754697251423434----已经存在~~~

535754224798725516----已经存在~~~

535723326813244486----已经存在~~~

531227140291931885----已经存在~~~

534979709054556471----已经存在~~~

535722742692445973----已经存在~~~

535693717308522225----已经存在~~~

535313857506600488----已经存在~~~

535313857506600488----已经存在~~~

出现错误：'origin'

532435868644141200----已经存在~~~

532435881533237487----已经存在~~~

532446013356965740----已经存在~~~

532783808242517998----已经存在~~~

533427954550546202----已经存在~~~

533464783899533399----已经存在~~~

533618569497843573----已经存在~~~

出现错误：'origin'

533758499532675165----已经存在~~~

533833764536831697----已经存在~~~

UP:忆玥向北---转发内容：转发动态---不是动态

UP:一日不吃心赤挠---转发内容：加油---不是动态

532654130289918739----已经存在~~~

出现错误：'origin'

531213735703010874----已经存在~~~

出现错误：'origin'

528956549995915723---转发内容：国士无双，一路走好[大哭]哭泣---不是抽奖动态

528693590623227505----已经存在~~~

出现错误：'origin'

528294455021055725---转发内容：我只想要小米全家桶！---不是抽奖动态

528228136428554959----已经存在~~~

UP:无云哥哥---转发内容：一路走好！[大哭][大哭][大哭]哭了，看一遍难过一遍---不是动态

出现错误：'origin'

533373103525107791---转发内容：金榜题名---不是抽奖动态

UP:七颗猩猩QKXX---转发内容：分享动态---不是动态

535068090892229418----已经存在~~~

535072025084406083----已经存在~~~

535039988917820495----已经存在~~~

535683834581362744----已经存在~~~

UP:转转精神---转发内容：我很可爱，请给我奖[羞羞]---不是动态

535685363588683313----已经存在~~~

535691715850602797----已经存在~~~

535691810338835393----已经存在~~~

535313857506600488----已经存在~~~

535693717308522225----已经存在~~~

535661449215829908----已经存在~~~

UP:ROG玩家国度-老白---转发内容：这能做机箱就离谱---不是动态

523785357838766280----已经存在~~~

516438257933252679----已经存在~~~

517307112636999066----已经存在~~~

514596837951199165----已经存在~~~

514596837951199165----已经存在~~~

510468317807512809----已经存在~~~

508706470690835506----已经存在~~~

UP:天才单片姬---转发内容：可是我就是带着g502---不是动态

UP:冬冬和37---转发内容：这不给白眼狼安排上---不是动态

UP:ROG玩家国度-老白---转发内容：视频的方式---不是动态

506075944950901511----已经存在~~~

533434946754193104----已经存在~~~

534967653080229424----已经存在~~~

534967653080229424----已经存在~~~

534967653080229424----已经存在~~~

534967653080229424----已经存在~~~

534967653080229424----已经存在~~~

534967653080229424----已经存在~~~

534967653080229424----已经存在~~~

534967653080229424----已经存在~~~

534967653080229424----已经存在~~~

534967653080229424----已经存在~~~

534671665411977613----已经存在~~~

534671665411977613----已经存在~~~

UP:当代帅哥美女大赏---转发内容：我男朋友[狗子]---不是动态

UP:薄情小哥哥丶---转发内容：分享动态---不是动态

535068090892229418----已经存在~~~

535358224525322827----已经存在~~~

535312362865312061----已经存在~~~

534532684568477164----已经存在~~~

534577141776321585----已经存在~~~

534632688584486269----已经存在~~~

534632413708674717----已经存在~~~

534636141735069549----已经存在~~~

535372556832335808----已经存在~~~

534212533410735088----已经存在~~~

534304789307856976----已经存在~~~

535757484684168217----已经存在~~~

534896111816916313----已经存在~~~

534994393550976727----已经存在~~~

535764511250714475----已经存在~~~

531604878368788269----已经存在~~~

535631633552667766----已经存在~~~

535630529748163396----已经存在~~~

535640373812208712----已经存在~~~

535290445644949133----已经存在~~~

535039988917820495----已经存在~~~

535661449215829908----已经存在~~~

535662759180866755----已经存在~~~

出现错误：'origin'

534970281603377510----已经存在~~~

534269896991169276----已经存在~~~

534566653460864966----已经存在~~~

534308053480931843----已经存在~~~

UP:QCY蓝牙耳机官方号---转发内容：来了---不是动态

528373031448221662----已经存在~~~

534563616915817997----已经存在~~~

534574886914282206----已经存在~~~

532361819118845608----已经存在~~~

532008884476792976----已经存在~~~

533808170829677487----已经存在~~~

533421052535972965----已经存在~~~

******************************2021-06-13 23:11:02******************************


******************************2021-06-14 00:33:26******************************

534967653080229424----已经存在~~~

534967653080229424----已经存在~~~

534967653080229424----已经存在~~~

534967653080229424----已经存在~~~

534967653080229424----已经存在~~~

534967653080229424----已经存在~~~

535067455240209807----已经存在~~~

534671665411977613----已经存在~~~

534671665411977613----已经存在~~~

535019351598762895----已经存在~~~

UP:宝丽来Polaroid---转发内容：大气[doge]---不是动态

UP:几几不吃饭---转发内容：大气[doge]---不是动态

523392961028653132----已经存在~~~

522302593388929738----已经存在~~~

523039730035157673----已经存在~~~

523525379166133353----已经存在~~~

UP:联想未来中心---转发内容：---不是动态

UP:虹领金官方账号---转发内容：---不是动态

出现错误：'origin'

523038686362294330----已经存在~~~

523121227039963177----已经存在~~~

521243725039626164----已经存在~~~

UP:浪险电竞---转发内容：---不是动态

523529038477244780----已经存在~~~

531309045323117473----已经存在~~~

532466019318973078----已经存在~~~

531223897589487196----已经存在~~~

530980055124408689----已经存在~~~

532794631562278095----已经存在~~~

UP:东鹏特饮---转发内容：转发动态---不是动态

531924406760330358----已经存在~~~

532044240640444572----已经存在~~~

532417185538368975----已经存在~~~

532770240442832596----已经存在~~~

UP:周黑鸭---转发内容：---不是动态

530906933305604232----已经存在~~~

534967653080229424----已经存在~~~

535661449215829908----已经存在~~~

535654418353269828----已经存在~~~

535682314163977392----已经存在~~~

535290445644949133----已经存在~~~

535661449215829908----已经存在~~~

535290406987097354----已经存在~~~

UP:转转精神---转发内容：[打call]---不是动态

535685363588683313----已经存在~~~

535039988917820495----已经存在~~~

535640373812208712----已经存在~~~

534517201211272353----已经存在~~~

534211189077572733----已经存在~~~

535698557731453822----已经存在~~~

534996158776254911----已经存在~~~

535056301210042185----已经存在~~~

535715050409118442----已经存在~~~

535712718239765753----已经存在~~~

535691715850602797----已经存在~~~

UP:奥川稳定器---转发内容：转发动态---不是动态

535478127129306150----已经存在~~~

535290445644949133----已经存在~~~

535039988917820495----已经存在~~~

535039988917820495----已经存在~~~

535850449254177689----已经存在~~~

535785170047777098----已经存在~~~

534671665411977613----已经存在~~~

535754697251423434----已经存在~~~

535754224798725516----已经存在~~~

535723326813244486----已经存在~~~

531227140291931885----已经存在~~~

534979709054556471----已经存在~~~

535722742692445973----已经存在~~~

535693717308522225----已经存在~~~

535313857506600488----已经存在~~~

535313857506600488----已经存在~~~

出现错误：'origin'

532435868644141200----已经存在~~~

532435881533237487----已经存在~~~

532446013356965740----已经存在~~~

532783808242517998----已经存在~~~

533427954550546202----已经存在~~~

533464783899533399----已经存在~~~

533618569497843573----已经存在~~~

出现错误：'origin'

533758499532675165----已经存在~~~

533833764536831697----已经存在~~~

UP:忆玥向北---转发内容：转发动态---不是动态

UP:一日不吃心赤挠---转发内容：加油---不是动态

532654130289918739----已经存在~~~

出现错误：'origin'

531213735703010874----已经存在~~~

出现错误：'origin'

528956549995915723---转发内容：国士无双，一路走好[大哭]哭泣---不是抽奖动态

528693590623227505----已经存在~~~

出现错误：'origin'

528294455021055725---转发内容：我只想要小米全家桶！---不是抽奖动态

528228136428554959----已经存在~~~

UP:无云哥哥---转发内容：一路走好！[大哭][大哭][大哭]哭了，看一遍难过一遍---不是动态

出现错误：'origin'

533373103525107791---转发内容：金榜题名---不是抽奖动态

UP:你de芮大爸---转发内容：分享动态---不是动态

UP:七颗猩猩QKXX---转发内容：分享动态---不是动态

535068090892229418----已经存在~~~

535072025084406083----已经存在~~~

535039988917820495----已经存在~~~

535683834581362744----已经存在~~~

UP:转转精神---转发内容：我很可爱，请给我奖[羞羞]---不是动态

535685363588683313----已经存在~~~

535691715850602797----已经存在~~~

535691810338835393----已经存在~~~

535313857506600488----已经存在~~~

535693717308522225----已经存在~~~

UP:ROG玩家国度-老白---转发内容：这能做机箱就离谱---不是动态

523785357838766280----已经存在~~~

516438257933252679----已经存在~~~

517307112636999066----已经存在~~~

514596837951199165----已经存在~~~

514596837951199165----已经存在~~~

510468317807512809----已经存在~~~

508706470690835506----已经存在~~~

UP:天才单片姬---转发内容：可是我就是带着g502---不是动态

UP:冬冬和37---转发内容：这不给白眼狼安排上---不是动态

UP:ROG玩家国度-老白---转发内容：视频的方式---不是动态

506075944950901511----已经存在~~~

533434946754193104----已经存在~~~

534967653080229424----已经存在~~~

534967653080229424----已经存在~~~

534967653080229424----已经存在~~~

534967653080229424----已经存在~~~

534967653080229424----已经存在~~~

534967653080229424----已经存在~~~

534967653080229424----已经存在~~~

534967653080229424----已经存在~~~

534967653080229424----已经存在~~~

534967653080229424----已经存在~~~

534671665411977613----已经存在~~~

534671665411977613----已经存在~~~

UP:当代帅哥美女大赏---转发内容：我男朋友[狗子]---不是动态

UP:薄情小哥哥丶---转发内容：分享动态---不是动态

535068090892229418----已经存在~~~

535358224525322827----已经存在~~~

535312362865312061----已经存在~~~

534532684568477164----已经存在~~~

534577141776321585----已经存在~~~

534632688584486269----已经存在~~~

534632413708674717----已经存在~~~

534636141735069549----已经存在~~~

535372556832335808----已经存在~~~

534212533410735088----已经存在~~~

534304789307856976----已经存在~~~

535757484684168217----已经存在~~~

534896111816916313----已经存在~~~

534994393550976727----已经存在~~~

535764511250714475----已经存在~~~

531604878368788269----已经存在~~~

535631633552667766----已经存在~~~

535630529748163396----已经存在~~~

535640373812208712----已经存在~~~

535290445644949133----已经存在~~~

535039988917820495----已经存在~~~

535661449215829908----已经存在~~~

535662759180866755----已经存在~~~

出现错误：'origin'

534970281603377510----已经存在~~~

534269896991169276----已经存在~~~

534566653460864966----已经存在~~~

534308053480931843----已经存在~~~

UP:QCY蓝牙耳机官方号---转发内容：来了---不是动态

528373031448221662----已经存在~~~

534563616915817997----已经存在~~~

534574886914282206----已经存在~~~

532361819118845608----已经存在~~~

532008884476792976----已经存在~~~

533808170829677487----已经存在~~~

533421052535972965----已经存在~~~

******************************2021-06-14 00:33:45******************************


******************************2021-06-14 02:15:47******************************

534967653080229424----已经存在~~~

534967653080229424----已经存在~~~

534967653080229424----已经存在~~~

534967653080229424----已经存在~~~

534967653080229424----已经存在~~~

534967653080229424----已经存在~~~

535067455240209807----已经存在~~~

534671665411977613----已经存在~~~

534671665411977613----已经存在~~~

535019351598762895----已经存在~~~

UP:宝丽来Polaroid---转发内容：大气[doge]---不是动态

UP:几几不吃饭---转发内容：大气[doge]---不是动态

523392961028653132----已经存在~~~

522302593388929738----已经存在~~~

523039730035157673----已经存在~~~

523525379166133353----已经存在~~~

UP:联想未来中心---转发内容：---不是动态

UP:虹领金官方账号---转发内容：---不是动态

出现错误：'origin'

523038686362294330----已经存在~~~

523121227039963177----已经存在~~~

521243725039626164----已经存在~~~

UP:浪险电竞---转发内容：---不是动态

523529038477244780----已经存在~~~

531309045323117473----已经存在~~~

532466019318973078----已经存在~~~

531223897589487196----已经存在~~~

530980055124408689----已经存在~~~

532794631562278095----已经存在~~~

UP:东鹏特饮---转发内容：转发动态---不是动态

531924406760330358----已经存在~~~

532044240640444572----已经存在~~~

532417185538368975----已经存在~~~

532770240442832596----已经存在~~~

UP:周黑鸭---转发内容：---不是动态

530906933305604232----已经存在~~~

534967653080229424----已经存在~~~

535661449215829908----已经存在~~~

535654418353269828----已经存在~~~

535682314163977392----已经存在~~~

535290445644949133----已经存在~~~

535661449215829908----已经存在~~~

535290406987097354----已经存在~~~

UP:转转精神---转发内容：[打call]---不是动态

535685363588683313----已经存在~~~

535039988917820495----已经存在~~~

535640373812208712----已经存在~~~

534517201211272353----已经存在~~~

534211189077572733----已经存在~~~

535698557731453822----已经存在~~~

534996158776254911----已经存在~~~

535056301210042185----已经存在~~~

535715050409118442----已经存在~~~

535712718239765753----已经存在~~~

535691715850602797----已经存在~~~

UP:奥川稳定器---转发内容：转发动态---不是动态

535478127129306150----已经存在~~~

535290445644949133----已经存在~~~

535039988917820495----已经存在~~~

535039988917820495----已经存在~~~

535850449254177689----已经存在~~~

535785170047777098----已经存在~~~

534671665411977613----已经存在~~~

535754697251423434----已经存在~~~

535754224798725516----已经存在~~~

535723326813244486----已经存在~~~

531227140291931885----已经存在~~~

534979709054556471----已经存在~~~

535722742692445973----已经存在~~~

535693717308522225----已经存在~~~

535313857506600488----已经存在~~~

535313857506600488----已经存在~~~

出现错误：'origin'

532435868644141200----已经存在~~~

532435881533237487----已经存在~~~

532446013356965740----已经存在~~~

532783808242517998----已经存在~~~

533427954550546202----已经存在~~~

533464783899533399----已经存在~~~

533618569497843573----已经存在~~~

出现错误：'origin'

533758499532675165----已经存在~~~

533833764536831697----已经存在~~~

UP:忆玥向北---转发内容：转发动态---不是动态

UP:一日不吃心赤挠---转发内容：加油---不是动态

532654130289918739----已经存在~~~

出现错误：'origin'

531213735703010874----已经存在~~~

出现错误：'origin'

528956549995915723---转发内容：国士无双，一路走好[大哭]哭泣---不是抽奖动态

528693590623227505----已经存在~~~

出现错误：'origin'

528294455021055725---转发内容：我只想要小米全家桶！---不是抽奖动态

528228136428554959----已经存在~~~

UP:无云哥哥---转发内容：一路走好！[大哭][大哭][大哭]哭了，看一遍难过一遍---不是动态

出现错误：'origin'

533373103525107791---转发内容：金榜题名---不是抽奖动态

UP:你de芮大爸---转发内容：分享动态---不是动态

UP:七颗猩猩QKXX---转发内容：分享动态---不是动态

535068090892229418----已经存在~~~

535072025084406083----已经存在~~~

535039988917820495----已经存在~~~

535683834581362744----已经存在~~~

UP:转转精神---转发内容：我很可爱，请给我奖[羞羞]---不是动态

535685363588683313----已经存在~~~

535691715850602797----已经存在~~~

535691810338835393----已经存在~~~

535313857506600488----已经存在~~~

535693717308522225----已经存在~~~

UP:ROG玩家国度-老白---转发内容：这能做机箱就离谱---不是动态

523785357838766280----已经存在~~~

516438257933252679----已经存在~~~

517307112636999066----已经存在~~~

514596837951199165----已经存在~~~

514596837951199165----已经存在~~~

510468317807512809----已经存在~~~

508706470690835506----已经存在~~~

UP:天才单片姬---转发内容：可是我就是带着g502---不是动态

UP:冬冬和37---转发内容：这不给白眼狼安排上---不是动态

UP:ROG玩家国度-老白---转发内容：视频的方式---不是动态

506075944950901511----已经存在~~~

533434946754193104----已经存在~~~

534967653080229424----已经存在~~~

534967653080229424----已经存在~~~

534967653080229424----已经存在~~~

534967653080229424----已经存在~~~

534967653080229424----已经存在~~~

534967653080229424----已经存在~~~

534967653080229424----已经存在~~~

534967653080229424----已经存在~~~

534967653080229424----已经存在~~~

534967653080229424----已经存在~~~

534671665411977613----已经存在~~~

534671665411977613----已经存在~~~

UP:当代帅哥美女大赏---转发内容：我男朋友[狗子]---不是动态
==============================
评论发送成功
转发成功
关注成功 ====  流萤Zz
527967401846703661动态-点赞成功-
==============================
==============================
评论发送成功
转发成功
关注成功 ====  邻家小妹装机馆
532762019875374476动态-点赞成功-
==============================
==============================
评论发送成功
转发成功
关注成功 ====  邻家小妹装机馆
525227951449668196动态-点赞成功-
==============================
==============================
评论发送成功
转发成功
关注成功 ====  哈噜酱ovo
535983717795780970动态-点赞成功-
==============================

UP:三只松鼠官方---转发内容：三连 小松鼠端午安康@三只松鼠官方 ---不是动态
==============================
评论发送成功
转发成功
关注成功 ====  等等旁边的女皇
535260655748474068动态-点赞成功-
==============================
==============================
评论发送成功
转发成功
关注成功 ====  三五二净化姬
533865646073993409动态-点赞成功-
==============================
==============================
评论发送成功
转发成功
关注成功 ====  永骏魔方
535994064372043981动态-点赞成功-
==============================
==============================
评论发送成功
转发成功
关注成功 ====  OPPO智美生活
535994128796553722动态-点赞成功-
==============================
==============================
评论发送成功
转发成功
关注成功 ====  YXECG游戏资讯
535994412260202345动态-点赞成功-
==============================
==============================
评论发送成功
转发成功
关注成功 ====  别克
534626413633034775动态-点赞成功-
==============================
==============================
评论发送成功
转发成功
关注成功 ====  哔哩哔哩放映姬
534653746810354082动态-点赞成功-
==============================

535757484684168217----已经存在~~~

534896111816916313----已经存在~~~

534994393550976727----已经存在~~~

535764511250714475----已经存在~~~

531604878368788269----已经存在~~~

535631633552667766----已经存在~~~

535630529748163396----已经存在~~~

535640373812208712----已经存在~~~

535290445644949133----已经存在~~~

535039988917820495----已经存在~~~

535661449215829908----已经存在~~~

535662759180866755----已经存在~~~

出现错误：'origin'

534970281603377510----已经存在~~~

534269896991169276----已经存在~~~

534566653460864966----已经存在~~~

534308053480931843----已经存在~~~

UP:QCY蓝牙耳机官方号---转发内容：来了---不是动态

528373031448221662----已经存在~~~

534563616915817997----已经存在~~~

534574886914282206----已经存在~~~

532361819118845608----已经存在~~~

532008884476792976----已经存在~~~

533808170829677487----已经存在~~~

533421052535972965----已经存在~~~

******************************2021-06-14 02:18:25******************************


******************************2021-06-14 02:42:22******************************

534967653080229424----已经存在~~~

534967653080229424----已经存在~~~

534967653080229424----已经存在~~~

534967653080229424----已经存在~~~

534967653080229424----已经存在~~~

534967653080229424----已经存在~~~

535067455240209807----已经存在~~~

534671665411977613----已经存在~~~

534671665411977613----已经存在~~~

535019351598762895----已经存在~~~

UP:宝丽来Polaroid---转发内容：大气[doge]---不是动态

UP:几几不吃饭---转发内容：大气[doge]---不是动态

523392961028653132----已经存在~~~

522302593388929738----已经存在~~~

523039730035157673----已经存在~~~

523525379166133353----已经存在~~~

UP:联想未来中心---转发内容：---不是动态

UP:虹领金官方账号---转发内容：---不是动态

出现错误：'origin'

523038686362294330----已经存在~~~

523121227039963177----已经存在~~~

521243725039626164----已经存在~~~

UP:浪险电竞---转发内容：---不是动态

523529038477244780----已经存在~~~

531309045323117473----已经存在~~~

532466019318973078----已经存在~~~

531223897589487196----已经存在~~~

530980055124408689----已经存在~~~

532794631562278095----已经存在~~~

UP:东鹏特饮---转发内容：转发动态---不是动态

531924406760330358----已经存在~~~

532044240640444572----已经存在~~~

532417185538368975----已经存在~~~

532770240442832596----已经存在~~~

UP:周黑鸭---转发内容：---不是动态

530906933305604232----已经存在~~~

534967653080229424----已经存在~~~

535661449215829908----已经存在~~~

535654418353269828----已经存在~~~

535682314163977392----已经存在~~~

535290445644949133----已经存在~~~

535661449215829908----已经存在~~~

535290406987097354----已经存在~~~

UP:转转精神---转发内容：[打call]---不是动态

535685363588683313----已经存在~~~

535039988917820495----已经存在~~~

535640373812208712----已经存在~~~

534517201211272353----已经存在~~~

534211189077572733----已经存在~~~

535698557731453822----已经存在~~~

534996158776254911----已经存在~~~

535056301210042185----已经存在~~~

535715050409118442----已经存在~~~

535712718239765753----已经存在~~~

535691715850602797----已经存在~~~

UP:奥川稳定器---转发内容：转发动态---不是动态

535478127129306150----已经存在~~~

535290445644949133----已经存在~~~

535039988917820495----已经存在~~~

535039988917820495----已经存在~~~

535850449254177689----已经存在~~~

535785170047777098----已经存在~~~

534671665411977613----已经存在~~~

535754697251423434----已经存在~~~

535754224798725516----已经存在~~~

535723326813244486----已经存在~~~

531227140291931885----已经存在~~~

534979709054556471----已经存在~~~

535722742692445973----已经存在~~~

535693717308522225----已经存在~~~

535313857506600488----已经存在~~~

535313857506600488----已经存在~~~

出现错误：'origin'

532435868644141200----已经存在~~~

532435881533237487----已经存在~~~

532446013356965740----已经存在~~~

532783808242517998----已经存在~~~

533427954550546202----已经存在~~~

533464783899533399----已经存在~~~

533618569497843573----已经存在~~~

出现错误：'origin'

533758499532675165----已经存在~~~

533833764536831697----已经存在~~~

UP:忆玥向北---转发内容：转发动态---不是动态

UP:一日不吃心赤挠---转发内容：加油---不是动态

532654130289918739----已经存在~~~

出现错误：'origin'

531213735703010874----已经存在~~~

出现错误：'origin'

528956549995915723---转发内容：国士无双，一路走好[大哭]哭泣---不是抽奖动态

528693590623227505----已经存在~~~

出现错误：'origin'

528294455021055725---转发内容：我只想要小米全家桶！---不是抽奖动态

528228136428554959----已经存在~~~

UP:无云哥哥---转发内容：一路走好！[大哭][大哭][大哭]哭了，看一遍难过一遍---不是动态

出现错误：'origin'

533373103525107791---转发内容：金榜题名---不是抽奖动态

UP:你de芮大爸---转发内容：分享动态---不是动态

UP:七颗猩猩QKXX---转发内容：分享动态---不是动态

535068090892229418----已经存在~~~

535072025084406083----已经存在~~~

535039988917820495----已经存在~~~

535683834581362744----已经存在~~~

UP:转转精神---转发内容：我很可爱，请给我奖[羞羞]---不是动态

535685363588683313----已经存在~~~

535691715850602797----已经存在~~~

535691810338835393----已经存在~~~

535313857506600488----已经存在~~~

535693717308522225----已经存在~~~

UP:ROG玩家国度-老白---转发内容：这能做机箱就离谱---不是动态

523785357838766280----已经存在~~~

516438257933252679----已经存在~~~

517307112636999066----已经存在~~~

514596837951199165----已经存在~~~

514596837951199165----已经存在~~~

510468317807512809----已经存在~~~

508706470690835506----已经存在~~~

UP:天才单片姬---转发内容：可是我就是带着g502---不是动态

UP:冬冬和37---转发内容：这不给白眼狼安排上---不是动态

UP:ROG玩家国度-老白---转发内容：视频的方式---不是动态

506075944950901511----已经存在~~~

533434946754193104----已经存在~~~

534967653080229424----已经存在~~~

534967653080229424----已经存在~~~

534967653080229424----已经存在~~~

534967653080229424----已经存在~~~

534967653080229424----已经存在~~~

534967653080229424----已经存在~~~

534967653080229424----已经存在~~~

534967653080229424----已经存在~~~

534967653080229424----已经存在~~~

534967653080229424----已经存在~~~

534671665411977613----已经存在~~~

534671665411977613----已经存在~~~

UP:当代帅哥美女大赏---转发内容：我男朋友[狗子]---不是动态
==============================
评论发送成功
转发成功
关注成功 ====  白梅子しらうめこ
535848490744880235动态-点赞成功-
==============================
==============================
评论发送成功
转发成功
关注成功 ====  KKKelly_Official
535388078845299896动态-点赞成功-
==============================
==============================
评论发送成功
转发成功
关注成功 ====  念熙阿
534544560152072702动态-点赞成功-
==============================
==============================
评论发送成功
转发成功
关注成功 ====  欧阳春晓Aurora
531357217674754077动态-点赞成功-
==============================

UP:韶音中国---转发内容：先赞后看 [热词系列_三连]点赞 端午安康 抽奖必中[歪嘴]
在家过---不是动态

UP:韶音中国---转发内容：先赞后看 [热词系列_三连]点赞 端午安康 抽奖必中[歪嘴]
端午在家看陪家人过---不是动态

UP:-雷电模拟器----转发内容：先赞后看 [热词系列_三连]点赞 端午安康 抽奖必中[歪嘴]---不是动态

UP:新乐新玩具---转发内容：先赞后看 [热词系列_三连]点赞 端午安康 抽奖必中[歪嘴]---不是动态
==============================
评论发送成功
转发成功
关注成功 ====  Insta360
528710040349119216动态-点赞成功-
==============================

UP:李响河---转发内容：先赞后看 [热词系列_三连]点赞 端午安康 抽奖必中[歪嘴]---不是动态

UP:希希子的摸鱼日常---转发内容：先赞后看 [热词系列_三连]点赞 端午安康 抽奖必中[歪嘴]---不是动态

UP:高途一姐---转发内容：先赞后看 [热词系列_三连]点赞 端午安康 抽奖必中[歪嘴]---不是动态

535757484684168217----已经存在~~~

534896111816916313----已经存在~~~

534994393550976727----已经存在~~~

535764511250714475----已经存在~~~

531604878368788269----已经存在~~~

535631633552667766----已经存在~~~

535630529748163396----已经存在~~~

535640373812208712----已经存在~~~

535290445644949133----已经存在~~~

535039988917820495----已经存在~~~

535661449215829908----已经存在~~~

535662759180866755----已经存在~~~

出现错误：'origin'

534970281603377510----已经存在~~~

534269896991169276----已经存在~~~

534566653460864966----已经存在~~~

534308053480931843----已经存在~~~

UP:QCY蓝牙耳机官方号---转发内容：来了---不是动态

528373031448221662----已经存在~~~

534563616915817997----已经存在~~~

534574886914282206----已经存在~~~

532361819118845608----已经存在~~~

532008884476792976----已经存在~~~

533808170829677487----已经存在~~~

533421052535972965----已经存在~~~

******************************2021-06-14 02:43:46******************************


******************************2021-06-14 03:14:55******************************

534967653080229424----已经存在~~~

534967653080229424----已经存在~~~

534967653080229424----已经存在~~~

534967653080229424----已经存在~~~

534967653080229424----已经存在~~~

534967653080229424----已经存在~~~

535067455240209807----已经存在~~~

534671665411977613----已经存在~~~

534671665411977613----已经存在~~~

535019351598762895----已经存在~~~

UP:宝丽来Polaroid---转发内容：大气[doge]---不是动态

UP:几几不吃饭---转发内容：大气[doge]---不是动态

523392961028653132----已经存在~~~

522302593388929738----已经存在~~~

523039730035157673----已经存在~~~

523525379166133353----已经存在~~~

UP:联想未来中心---转发内容：---不是动态

UP:虹领金官方账号---转发内容：---不是动态

出现错误：'origin'

523038686362294330----已经存在~~~

523121227039963177----已经存在~~~

521243725039626164----已经存在~~~

UP:浪险电竞---转发内容：---不是动态

523529038477244780----已经存在~~~

531309045323117473----已经存在~~~

532466019318973078----已经存在~~~

531223897589487196----已经存在~~~

530980055124408689----已经存在~~~

532794631562278095----已经存在~~~

UP:东鹏特饮---转发内容：转发动态---不是动态

531924406760330358----已经存在~~~

532044240640444572----已经存在~~~

532417185538368975----已经存在~~~

532770240442832596----已经存在~~~

UP:周黑鸭---转发内容：---不是动态

530906933305604232----已经存在~~~

534967653080229424----已经存在~~~

535661449215829908----已经存在~~~

535654418353269828----已经存在~~~

535682314163977392----已经存在~~~

535290445644949133----已经存在~~~

535661449215829908----已经存在~~~

535290406987097354----已经存在~~~

UP:转转精神---转发内容：[打call]---不是动态

535685363588683313----已经存在~~~

535039988917820495----已经存在~~~

535640373812208712----已经存在~~~

534517201211272353----已经存在~~~

534211189077572733----已经存在~~~

535698557731453822----已经存在~~~

534996158776254911----已经存在~~~

535056301210042185----已经存在~~~

535715050409118442----已经存在~~~

535712718239765753----已经存在~~~

535691715850602797----已经存在~~~

UP:奥川稳定器---转发内容：转发动态---不是动态

535478127129306150----已经存在~~~

535290445644949133----已经存在~~~

535039988917820495----已经存在~~~

535039988917820495----已经存在~~~

535850449254177689----已经存在~~~

535785170047777098----已经存在~~~

534671665411977613----已经存在~~~

535754697251423434----已经存在~~~

535754224798725516----已经存在~~~

535723326813244486----已经存在~~~

531227140291931885----已经存在~~~

534979709054556471----已经存在~~~

535722742692445973----已经存在~~~

535693717308522225----已经存在~~~

535313857506600488----已经存在~~~

535313857506600488----已经存在~~~

出现错误：'origin'

532435868644141200----已经存在~~~

532435881533237487----已经存在~~~

532446013356965740----已经存在~~~

532783808242517998----已经存在~~~

533427954550546202----已经存在~~~

533464783899533399----已经存在~~~

533618569497843573----已经存在~~~

出现错误：'origin'

533758499532675165----已经存在~~~

533833764536831697----已经存在~~~

UP:忆玥向北---转发内容：转发动态---不是动态

UP:一日不吃心赤挠---转发内容：加油---不是动态

532654130289918739----已经存在~~~

出现错误：'origin'

531213735703010874----已经存在~~~

出现错误：'origin'

528956549995915723---转发内容：国士无双，一路走好[大哭]哭泣---不是抽奖动态

528693590623227505----已经存在~~~

出现错误：'origin'

528294455021055725---转发内容：我只想要小米全家桶！---不是抽奖动态

528228136428554959----已经存在~~~

UP:无云哥哥---转发内容：一路走好！[大哭][大哭][大哭]哭了，看一遍难过一遍---不是动态

出现错误：'origin'

533373103525107791---转发内容：金榜题名---不是抽奖动态

UP:你de芮大爸---转发内容：分享动态---不是动态

UP:七颗猩猩QKXX---转发内容：分享动态---不是动态

535068090892229418----已经存在~~~

535072025084406083----已经存在~~~

535039988917820495----已经存在~~~

535683834581362744----已经存在~~~

UP:转转精神---转发内容：我很可爱，请给我奖[羞羞]---不是动态

535685363588683313----已经存在~~~

535691715850602797----已经存在~~~

535691810338835393----已经存在~~~

535313857506600488----已经存在~~~

535693717308522225----已经存在~~~

UP:ROG玩家国度-老白---转发内容：这能做机箱就离谱---不是动态

523785357838766280----已经存在~~~

516438257933252679----已经存在~~~

517307112636999066----已经存在~~~

514596837951199165----已经存在~~~

514596837951199165----已经存在~~~

510468317807512809----已经存在~~~

508706470690835506----已经存在~~~

UP:天才单片姬---转发内容：可是我就是带着g502---不是动态

UP:冬冬和37---转发内容：这不给白眼狼安排上---不是动态

UP:ROG玩家国度-老白---转发内容：视频的方式---不是动态

506075944950901511----已经存在~~~

533434946754193104----已经存在~~~

534967653080229424----已经存在~~~

534967653080229424----已经存在~~~

534967653080229424----已经存在~~~

534967653080229424----已经存在~~~

534967653080229424----已经存在~~~

534967653080229424----已经存在~~~

534967653080229424----已经存在~~~

534967653080229424----已经存在~~~

534967653080229424----已经存在~~~

534967653080229424----已经存在~~~

534671665411977613----已经存在~~~

534671665411977613----已经存在~~~

UP:当代帅哥美女大赏---转发内容：我男朋友[狗子]---不是动态
==============================
评论发送成功
转发成功
关注成功 ====  龍虎堂
532695061333712392动态-点赞成功-
==============================

528620305594875083---转发内容：端午安康---不是抽奖动态

UP:鹅厂创想姐---转发内容：端午安康---不是动态
==============================
评论发送成功
转发成功
关注成功 ====  甲苯CLUB
529064856187835361动态-点赞成功-
==============================

531924406760330358----已经存在~~~
==============================
评论发送成功
转发成功
关注成功 ====  东鹏特饮
532041332947564425动态-点赞成功-
==============================
==============================
评论发送成功
转发成功
关注成功 ====  andaseaT安德斯特
534645577781439351动态-点赞成功-
==============================
==============================
评论发送成功
转发成功
关注成功 ====  andaseaT安德斯特
530933493380394110动态-点赞成功-
==============================
==============================
评论发送成功
转发成功
关注成功 ====  WeGame平台
531295451745194184动态-点赞成功-
==============================
==============================
评论发送成功
转发成功
关注成功 ====  天才女友GG
535768866342341139动态-点赞成功-
==============================
==============================
评论发送成功
转发成功
关注成功 ====  玩笑笑笑笑笑
533606380378462415动态-点赞成功-
==============================

UP:aigo国民好物---转发内容：王老师真帅---不是动态

535757484684168217----已经存在~~~

534896111816916313----已经存在~~~

534994393550976727----已经存在~~~

535764511250714475----已经存在~~~

531604878368788269----已经存在~~~

535631633552667766----已经存在~~~

535630529748163396----已经存在~~~

535640373812208712----已经存在~~~

535290445644949133----已经存在~~~

535039988917820495----已经存在~~~

535661449215829908----已经存在~~~

535662759180866755----已经存在~~~

出现错误：'origin'

534970281603377510----已经存在~~~

534269896991169276----已经存在~~~

534566653460864966----已经存在~~~

534308053480931843----已经存在~~~

UP:QCY蓝牙耳机官方号---转发内容：来了---不是动态

528373031448221662----已经存在~~~

534563616915817997----已经存在~~~

534574886914282206----已经存在~~~

532361819118845608----已经存在~~~

532008884476792976----已经存在~~~

533808170829677487----已经存在~~~

533421052535972965----已经存在~~~

******************************2021-06-14 03:16:53******************************
